2025-12-01 17:18:52,629 INFO o.a.j.u.JMeterUtils: Setting Locale to en_EN
2025-12-01 17:18:52,648 INFO o.a.j.JMeter: Loading user properties from: C:\Tools\apache-jmeter-5.6.3\bin\user.properties
2025-12-01 17:18:52,667 INFO o.a.j.JMeter: Loading system properties from: C:\Tools\apache-jmeter-5.6.3\bin\system.properties
2025-12-01 17:18:52,714 INFO o.a.j.JMeter: Copyright (c) 1998-2024 The Apache Software Foundation
2025-12-01 17:18:52,714 INFO o.a.j.JMeter: Version 5.6.3
2025-12-01 17:18:52,714 INFO o.a.j.JMeter: java.version=1.8.0_471
2025-12-01 17:18:52,715 INFO o.a.j.JMeter: java.vm.name=Java HotSpot(TM) Client VM
2025-12-01 17:18:52,715 INFO o.a.j.JMeter: os.name=Windows 10
2025-12-01 17:18:52,715 INFO o.a.j.JMeter: os.arch=x86
2025-12-01 17:18:52,716 INFO o.a.j.JMeter: os.version=10.0
2025-12-01 17:18:52,716 INFO o.a.j.JMeter: file.encoding=Cp1252
2025-12-01 17:18:52,716 INFO o.a.j.JMeter: java.awt.headless=true
2025-12-01 17:18:52,717 INFO o.a.j.JMeter: Max memory     =1073741824
2025-12-01 17:18:52,717 INFO o.a.j.JMeter: Available Processors =4
2025-12-01 17:18:52,735 INFO o.a.j.JMeter: Default Locale=English (EN)
2025-12-01 17:18:52,735 INFO o.a.j.JMeter: JMeter  Locale=English (EN)
2025-12-01 17:18:52,735 INFO o.a.j.JMeter: JMeterHome=C:\Tools\apache-jmeter-5.6.3
2025-12-01 17:18:52,736 INFO o.a.j.JMeter: user.dir  =C:\Users\allan.andrade\Documents\treinamento_yaman\gitflow-tutorial\performance\scripts
2025-12-01 17:18:52,737 INFO o.a.j.JMeter: PWD       =C:\Users\allan.andrade\Documents\treinamento_yaman\gitflow-tutorial\performance\scripts
2025-12-01 17:18:52,741 INFO o.a.j.JMeter: IP: 172.31.144.1 Name: YMN000546 FullName: YMN000546.mshome.net
2025-12-01 17:18:52,775 INFO o.a.j.JMeter: Setting property 'jmeter.reportgenerator.outputdir' to:'C:\Users\allan.andrade\Documents\treinamento_yaman\gitflow-tutorial\performance\reports\site_yaman_html'
2025-12-01 17:18:52,778 INFO o.a.j.s.FileServer: Default base='C:\Users\allan.andrade\Documents\treinamento_yaman\gitflow-tutorial\performance\scripts'
2025-12-01 17:18:52,784 INFO o.a.j.s.FileServer: Set new base='C:\Users\allan.andrade\Documents\treinamento_yaman\gitflow-tutorial\performance\tests'
2025-12-01 17:18:52,919 INFO o.a.j.s.SaveService: Testplan (JMX) version: 2.2. Testlog (JTL) version: 2.2
2025-12-01 17:18:52,944 INFO o.a.j.s.SaveService: Using SaveService properties file encoding UTF-8
2025-12-01 17:18:52,953 INFO o.a.j.s.SaveService: Using SaveService properties version 5.0
2025-12-01 17:18:52,960 INFO o.a.j.s.SaveService: Loading file: C:\Users\allan.andrade\Documents\treinamento_yaman\gitflow-tutorial\performance\tests\site_yaman.jmx
2025-12-01 17:18:53,004 INFO o.a.j.p.h.c.CookieManager: Settings: Delete null: true Check: true Allow variable: true Save: false Prefix: COOKIE_
2025-12-01 17:18:53,012 INFO o.a.j.p.h.c.CacheManager: Will only cache the following methods: [GET]
2025-12-01 17:18:53,133 INFO o.a.j.p.h.s.HTTPSamplerBase: Parser for text/html is org.apache.jmeter.protocol.http.parser.LagartoBasedHtmlParser
2025-12-01 17:18:53,133 INFO o.a.j.p.h.s.HTTPSamplerBase: Parser for application/xhtml+xml is org.apache.jmeter.protocol.http.parser.LagartoBasedHtmlParser
2025-12-01 17:18:53,133 INFO o.a.j.p.h.s.HTTPSamplerBase: Parser for application/xml is org.apache.jmeter.protocol.http.parser.LagartoBasedHtmlParser
2025-12-01 17:18:53,133 INFO o.a.j.p.h.s.HTTPSamplerBase: Parser for text/xml is org.apache.jmeter.protocol.http.parser.LagartoBasedHtmlParser
2025-12-01 17:18:53,133 INFO o.a.j.p.h.s.HTTPSamplerBase: Parser for text/vnd.wap.wml is org.apache.jmeter.protocol.http.parser.RegexpHTMLParser
2025-12-01 17:18:53,133 INFO o.a.j.p.h.s.HTTPSamplerBase: Parser for text/css is org.apache.jmeter.protocol.http.parser.CssParser
2025-12-01 17:18:54,080 INFO o.a.j.e.KeyToolUtils: keytool found at 'keytool'
2025-12-01 17:18:54,081 INFO o.a.j.p.h.p.ProxyControl: HTTP(S) Test Script Recorder SSL Proxy will use keys that support embedded 3rd party resources in file C:\Tools\apache-jmeter-5.6.3\bin\proxyserver.jks
2025-12-01 17:18:54,204 INFO o.a.j.JMeter: Creating summariser <summary>
2025-12-01 17:18:54,215 INFO o.a.j.r.d.ReportGenerator: ReportGenerator will use for Parsing the separator: ','
2025-12-01 17:18:54,215 INFO o.a.j.r.d.ReportGenerator: Will generate report at end of test from  results file: C:/Users/allan.andrade/Documents/treinamento_yaman/gitflow-tutorial/performance/results/site_yaman_results.jtl
2025-12-01 17:18:54,215 INFO o.a.j.r.d.ReportGenerator: Reading report generator properties from: C:\Tools\apache-jmeter-5.6.3\bin\reportgenerator.properties
2025-12-01 17:18:54,352 INFO o.a.j.r.d.ReportGenerator: Merging with JMeter properties
2025-12-01 17:18:54,451 INFO o.a.j.r.c.ReportGeneratorConfiguration: Property 'jmeter.reportgenerator.temp_dir' not found, using default value 'temp' instead.
2025-12-01 17:18:54,456 INFO o.a.j.r.c.ReportGeneratorConfiguration: Property 'jmeter.reportgenerator.apdex_per_transaction' not found, using default value 'null' instead.
2025-12-01 17:18:54,456 INFO o.a.j.r.c.ReportGeneratorConfiguration: apdex_per_transaction is empty, not APDEX per transaction customization
2025-12-01 17:18:54,456 INFO o.a.j.r.c.ReportGeneratorConfiguration: Property 'jmeter.reportgenerator.sample_filter' not found, using default value 'null' instead.
2025-12-01 17:18:54,457 INFO o.a.j.r.c.ReportGeneratorConfiguration: Property 'jmeter.reportgenerator.report_title' not found, using default value 'null' instead.
2025-12-01 17:18:54,457 INFO o.a.j.r.c.ReportGeneratorConfiguration: Property 'jmeter.reportgenerator.start_date' not found, using default value 'null' instead.
2025-12-01 17:18:54,457 INFO o.a.j.r.c.ReportGeneratorConfiguration: Property 'jmeter.reportgenerator.end_date' not found, using default value 'null' instead.
2025-12-01 17:18:54,457 INFO o.a.j.r.c.ReportGeneratorConfiguration: Property 'jmeter.reportgenerator.date_format' not found, using default value 'null' instead.
2025-12-01 17:18:54,457 INFO o.a.j.r.c.ReportGeneratorConfiguration: Will use date range start date: null, end date: null
2025-12-01 17:18:54,525 INFO o.a.j.r.c.ReportGeneratorConfiguration: Property 'jmeter.reportgenerator.graph.totalTPS.exclude_controllers' not found, using default value 'false' instead.
2025-12-01 17:18:54,526 INFO o.a.j.r.c.ReportGeneratorConfiguration: Property 'jmeter.reportgenerator.graph.activeThreadsOverTime.exclude_controllers' not found, using default value 'false' instead.
2025-12-01 17:18:54,526 INFO o.a.j.r.c.ReportGeneratorConfiguration: Property 'jmeter.reportgenerator.graph.timeVsThreads.exclude_controllers' not found, using default value 'false' instead.
2025-12-01 17:18:54,526 INFO o.a.j.r.c.ReportGeneratorConfiguration: Property 'jmeter.reportgenerator.graph.responseTimeDistribution.exclude_controllers' not found, using default value 'false' instead.
2025-12-01 17:18:54,526 INFO o.a.j.r.c.ReportGeneratorConfiguration: Property 'jmeter.reportgenerator.graph.transactionsPerSecond.exclude_controllers' not found, using default value 'false' instead.
2025-12-01 17:18:54,526 INFO o.a.j.r.c.ReportGeneratorConfiguration: Property 'jmeter.reportgenerator.graph.responseTimePercentiles.exclude_controllers' not found, using default value 'false' instead.
2025-12-01 17:18:54,527 INFO o.a.j.r.c.ReportGeneratorConfiguration: Property 'jmeter.reportgenerator.graph.responseTimePercentilesOverTime.exclude_controllers' not found, using default value 'false' instead.
2025-12-01 17:18:54,527 INFO o.a.j.r.c.ReportGeneratorConfiguration: Property 'jmeter.reportgenerator.graph.responseTimesOverTime.exclude_controllers' not found, using default value 'false' instead.
2025-12-01 17:18:54,527 INFO o.a.j.r.c.ReportGeneratorConfiguration: Property 'jmeter.reportgenerator.graph.connectTimeOverTime.exclude_controllers' not found, using default value 'false' instead.
2025-12-01 17:18:54,527 INFO o.a.j.r.c.ReportGeneratorConfiguration: Property 'jmeter.reportgenerator.graph.latenciesOverTime.exclude_controllers' not found, using default value 'false' instead.
2025-12-01 17:18:54,529 INFO o.a.j.r.c.ReportGeneratorConfiguration: Property 'jmeter.reportgenerator.exporter.json.filters_only_sample_series' not found, using default value 'true' instead.
2025-12-01 17:18:54,529 INFO o.a.j.r.c.ReportGeneratorConfiguration: Property 'jmeter.reportgenerator.exporter.json.series_filter' not found, using default value '' instead.
2025-12-01 17:18:54,530 INFO o.a.j.r.c.ReportGeneratorConfiguration: Property 'jmeter.reportgenerator.exporter.json.show_controllers_only' not found, using default value 'false' instead.
2025-12-01 17:18:54,530 INFO o.a.j.r.c.ReportGeneratorConfiguration: Property 'jmeter.reportgenerator.exporter.html.filters_only_sample_series' not found, using default value 'true' instead.
2025-12-01 17:18:54,530 INFO o.a.j.r.c.ReportGeneratorConfiguration: Property 'jmeter.reportgenerator.exporter.html.series_filter' not found, using default value '' instead.
2025-12-01 17:18:54,531 INFO o.a.j.r.c.ReportGeneratorConfiguration: Property 'jmeter.reportgenerator.exporter.html.show_controllers_only' not found, using default value 'false' instead.
2025-12-01 17:18:54,571 INFO o.a.j.e.StandardJMeterEngine: Running the test!
2025-12-01 17:18:54,572 INFO o.a.j.s.SampleEvent: List of sample_variables: []
2025-12-01 17:18:54,572 INFO o.a.j.s.SampleEvent: List of sample_variables: []
2025-12-01 17:18:54,581 INFO o.a.j.e.u.CompoundVariable: Note: Function class names must contain the string: '.functions.'
2025-12-01 17:18:54,581 INFO o.a.j.e.u.CompoundVariable: Note: Function class names must not contain the string: '.gui.'
2025-12-01 17:18:55,202 INFO o.a.j.JMeter: Running test (1764620335202)
2025-12-01 17:18:55,263 INFO o.a.j.e.StandardJMeterEngine: Starting ThreadGroup: 1 : Thread Group
2025-12-01 17:18:55,264 INFO o.a.j.e.StandardJMeterEngine: Starting 1 threads for group Thread Group.
2025-12-01 17:18:55,264 INFO o.a.j.e.StandardJMeterEngine: Thread will continue on error
2025-12-01 17:18:55,264 INFO o.a.j.t.ThreadGroup: Starting thread group... number=1 threads=1 ramp-up=1 delayedStart=false
2025-12-01 17:18:55,272 INFO o.a.j.t.ThreadGroup: Started thread group number 1
2025-12-01 17:18:55,272 INFO o.a.j.e.StandardJMeterEngine: All thread groups have been started
2025-12-01 17:18:55,279 INFO o.a.j.s.SampleResult: Note: Sample TimeStamps are START times
2025-12-01 17:18:55,279 INFO o.a.j.s.SampleResult: sampleresult.default.encoding is set to UTF-8
2025-12-01 17:18:55,279 INFO o.a.j.s.SampleResult: sampleresult.useNanoTime=true
2025-12-01 17:18:55,279 INFO o.a.j.s.SampleResult: sampleresult.nanoThreadSleep=5000
2025-12-01 17:18:55,280 INFO o.a.j.t.JMeterThread: Thread started: Thread Group 1-1
2025-12-01 17:18:55,299 INFO o.a.j.p.h.s.HTTPHCAbstractImpl: Local host = YMN000546
2025-12-01 17:18:55,306 INFO o.a.j.p.h.s.HTTPHC4Impl: HTTP request retry count = 0
2025-12-01 17:18:55,921 INFO o.a.j.p.h.s.h.LazyLayeredConnectionSocketFactory: Setting up HTTPS TrustAll Socket Factory
2025-12-01 17:18:55,940 INFO o.a.j.u.JsseSSLManager: Using default SSL protocol: TLS
2025-12-01 17:18:55,941 INFO o.a.j.u.JsseSSLManager: SSL session context: per-thread
2025-12-01 17:18:56,762 INFO o.a.j.u.SSLManager: JmeterKeyStore Location:  type JKS
2025-12-01 17:18:56,765 INFO o.a.j.u.SSLManager: KeyStore created OK
2025-12-01 17:18:56,765 WARN o.a.j.u.SSLManager: Keystore file not found, loading empty keystore
2025-12-01 17:18:59,304 INFO o.a.j.t.JMeterThread: Thread is done: Thread Group 1-1
2025-12-01 17:18:59,304 INFO o.a.j.t.JMeterThread: Thread finished: Thread Group 1-1
2025-12-01 17:18:59,308 INFO o.a.j.e.StandardJMeterEngine: Notifying test listeners of end of test
2025-12-01 17:18:59,322 INFO o.a.j.r.Summariser: summary =      5 in 00:00:04 =    1.2/s Avg:   737 Min:     3 Max:  2524 Err:     0 (0.00%)
2025-12-01 17:18:59,322 INFO o.a.j.JMeter: Generating Dashboard
2025-12-01 17:18:59,322 INFO o.a.j.r.d.ReportGenerator: Flushing result collector before report Generation
2025-12-01 17:18:59,337 INFO o.a.j.r.p.NormalizerSampleConsumer: Using format, 'ms', to parse timeStamp field
2025-12-01 17:18:59,691 INFO o.a.j.r.p.AbstractSampleConsumer: class org.apache.jmeter.report.processor.AggregateConsumer#stopProducing(): beginDate produced 0 samples
2025-12-01 17:18:59,691 INFO o.a.j.r.p.AbstractSampleConsumer: class org.apache.jmeter.report.processor.AggregateConsumer#stopProducing(): endDate produced 0 samples
2025-12-01 17:18:59,717 INFO o.a.j.r.p.AbstractSampleConsumer: class org.apache.jmeter.report.processor.ApdexSummaryConsumer#stopProducing(): apdexSummary produced 0 samples
2025-12-01 17:18:59,717 INFO o.a.j.r.p.AbstractSampleConsumer: class org.apache.jmeter.report.processor.RequestsSummaryConsumer#stopProducing(): requestsSummary produced 0 samples
2025-12-01 17:18:59,729 INFO o.a.j.r.p.AbstractSampleConsumer: class org.apache.jmeter.report.processor.StatisticsSummaryConsumer#stopProducing(): statisticsSummary produced 0 samples
2025-12-01 17:18:59,805 INFO o.a.j.r.p.AbstractSampleConsumer: class org.apache.jmeter.report.processor.Top5ErrorsBySamplerConsumer#stopProducing(): top5ErrorsBySampler produced 0 samples
2025-12-01 17:18:59,805 INFO o.a.j.r.p.AbstractSampleConsumer: class org.apache.jmeter.report.processor.ErrorsSummaryConsumer#stopProducing(): errorsSummary produced 0 samples
2025-12-01 17:18:59,805 INFO o.a.j.r.p.AbstractSampleConsumer: class org.apache.jmeter.report.processor.graph.impl.HitsPerSecondGraphConsumer#stopProducing(): hitsPerSecond produced 0 samples
2025-12-01 17:18:59,914 INFO o.a.j.r.p.AbstractSampleConsumer: class org.apache.jmeter.report.processor.graph.impl.LatencyVSRequestGraphConsumer#stopProducing(): latencyVsRequest produced 0 samples
2025-12-01 17:18:59,915 INFO o.a.j.r.p.AbstractSampleConsumer: class org.apache.jmeter.report.processor.graph.impl.SyntheticResponseTimeDistributionGraphConsumer#stopProducing(): syntheticResponseTimeDistribution produced 0 samples
2025-12-01 17:18:59,915 INFO o.a.j.r.p.AbstractSampleConsumer: class org.apache.jmeter.report.processor.graph.impl.BytesThroughputGraphConsumer#stopProducing(): bytesThroughputOverTime produced 0 samples
2025-12-01 17:18:59,916 INFO o.a.j.r.p.AbstractSampleConsumer: class org.apache.jmeter.report.processor.graph.impl.CodesPerSecondGraphConsumer#stopProducing(): codesPerSecond produced 0 samples
2025-12-01 17:18:59,922 INFO o.a.j.r.p.AbstractSampleConsumer: class org.apache.jmeter.report.processor.graph.impl.ResponseTimeVSRequestGraphConsumer#stopProducing(): responseTimeVsRequest produced 0 samples
2025-12-01 17:18:59,923 INFO o.a.j.r.p.AbstractSampleConsumer: class org.apache.jmeter.report.processor.FilterConsumer#stopProducing(): startIntervalControlerFilter produced 105 samples
2025-12-01 17:18:59,923 INFO o.a.j.r.p.AbstractSampleConsumer: class org.apache.jmeter.report.processor.graph.impl.TotalTPSGraphConsumer#stopProducing(): totalTPS produced 0 samples
2025-12-01 17:18:59,923 INFO o.a.j.r.p.AbstractSampleConsumer: class org.apache.jmeter.report.processor.graph.impl.ActiveThreadsGraphConsumer#stopProducing(): activeThreadsOverTime produced 0 samples
2025-12-01 17:18:59,923 INFO o.a.j.r.p.AbstractSampleConsumer: class org.apache.jmeter.report.processor.graph.impl.TimeVSThreadGraphConsumer#stopProducing(): timeVsThreads produced 0 samples
2025-12-01 17:18:59,925 INFO o.a.j.r.p.AbstractSampleConsumer: class org.apache.jmeter.report.processor.graph.impl.ResponseTimeDistributionGraphConsumer#stopProducing(): responseTimeDistribution produced 0 samples
2025-12-01 17:18:59,926 INFO o.a.j.r.p.AbstractSampleConsumer: class org.apache.jmeter.report.processor.graph.impl.TransactionsPerSecondGraphConsumer#stopProducing(): transactionsPerSecond produced 0 samples
2025-12-01 17:18:59,926 INFO o.a.j.r.p.AbstractSampleConsumer: class org.apache.jmeter.report.processor.graph.impl.ResponseTimePercentilesGraphConsumer#stopProducing(): responseTimePercentiles produced 0 samples
2025-12-01 17:18:59,936 INFO o.a.j.r.p.AbstractSampleConsumer: class org.apache.jmeter.report.processor.graph.impl.ResponseTimePercentilesOverTimeGraphConsumer#stopProducing(): responseTimePercentilesOverTime produced 0 samples
2025-12-01 17:18:59,937 INFO o.a.j.r.p.AbstractSampleConsumer: class org.apache.jmeter.report.processor.graph.impl.ResponseTimeOverTimeGraphConsumer#stopProducing(): responseTimesOverTime produced 0 samples
2025-12-01 17:18:59,937 INFO o.a.j.r.p.AbstractSampleConsumer: class org.apache.jmeter.report.processor.graph.impl.ConnectTimeOverTimeGraphConsumer#stopProducing(): connectTimeOverTime produced 0 samples
2025-12-01 17:18:59,938 INFO o.a.j.r.p.AbstractSampleConsumer: class org.apache.jmeter.report.processor.graph.impl.LatencyOverTimeGraphConsumer#stopProducing(): latenciesOverTime produced 0 samples
2025-12-01 17:18:59,938 INFO o.a.j.r.p.AbstractSampleConsumer: class org.apache.jmeter.report.processor.FilterConsumer#stopProducing(): nameFilter produced 240 samples
2025-12-01 17:18:59,938 INFO o.a.j.r.p.AbstractSampleConsumer: class org.apache.jmeter.report.processor.FilterConsumer#stopProducing(): dateRangeFilter produced 48 samples
2025-12-01 17:18:59,938 INFO o.a.j.r.p.AbstractSampleConsumer: class org.apache.jmeter.report.processor.NormalizerSampleConsumer#stopProducing(): normalizer produced 16 samples
2025-12-01 17:18:59,939 INFO o.a.j.r.p.CsvFileSampleSource: produce(): 16 samples produced in 471ms on channel 0
2025-12-01 17:18:59,939 INFO o.a.j.r.d.ReportGenerator: Exporting data using exporter:'json' of className:'org.apache.jmeter.report.dashboard.JsonExporter'
2025-12-01 17:19:00,222 INFO o.a.j.r.d.JsonExporter: Found data for consumer statisticsSummary in context
2025-12-01 17:19:00,222 INFO o.a.j.r.d.JsonExporter: Creating statistics for overall
2025-12-01 17:19:00,223 INFO o.a.j.r.d.JsonExporter: Creating statistics for other transactions
2025-12-01 17:19:00,223 INFO o.a.j.r.d.JsonExporter: Checking output folder
2025-12-01 17:19:00,224 INFO o.a.j.r.d.JsonExporter: Writing statistics JSON to C:\Users\allan.andrade\Documents\treinamento_yaman\gitflow-tutorial\performance\reports\site_yaman_html\statistics.json
2025-12-01 17:19:00,629 INFO o.a.j.r.d.ReportGenerator: Exporting data using exporter:'html' of className:'org.apache.jmeter.report.dashboard.HtmlTemplateExporter'
2025-12-01 17:19:00,654 INFO o.a.j.r.d.HtmlTemplateExporter: Will generate dashboard in folder: C:\Users\allan.andrade\Documents\treinamento_yaman\gitflow-tutorial\performance\reports\site_yaman_html
2025-12-01 17:19:01,389 INFO o.a.j.r.d.HtmlTemplateExporter: Report will be generated in: C:\Users\allan.andrade\Documents\treinamento_yaman\gitflow-tutorial\performance\reports\site_yaman_html, creating folder structure
2025-12-01 17:19:01,393 INFO o.a.j.r.d.TemplateVisitor: Copying folder from 'C:\Tools\apache-jmeter-5.6.3\bin\report-template' to 'C:\Users\allan.andrade\Documents\treinamento_yaman\gitflow-tutorial\performance\reports\site_yaman_html', got message: C:\Users\allan.andrade\Documents\treinamento_yaman\gitflow-tutorial\performance\reports\site_yaman_html, found non empty folder with following content [C:\Users\allan.andrade\Documents\treinamento_yaman\gitflow-tutorial\performance\reports\site_yaman_html\statistics.json], will be ignored
2025-12-01 17:19:05,240 INFO o.a.j.JMeter: Dashboard generated
